[debug] [2025-08-15T14:43:09.871Z] ----------------------------------------------------------------------
[debug] [2025-08-15T14:43:09.876Z] Command:       C:\Program Files\nodejs\node.exe C:\Users\PC\AppData\Roaming\npm\node_modules\firebase-tools\lib\bin\firebase.js emulators:start --only functions
[debug] [2025-08-15T14:43:09.877Z] CLI Version:   14.12.0
[debug] [2025-08-15T14:43:09.877Z] Platform:      win32
[debug] [2025-08-15T14:43:09.877Z] Node Version:  v22.13.0
[debug] [2025-08-15T14:43:09.878Z] Time:          Fri Aug 15 2025 17:43:09 GMT+0300 (GMT+03:00)
[debug] [2025-08-15T14:43:09.878Z] ----------------------------------------------------------------------
[debug] 
[debug] [2025-08-15T14:43:10.283Z] > command requires scopes: ["email","openid","https://www.googleapis.com/auth/cloudplatformprojects.readonly","https://www.googleapis.com/auth/firebase","https://www.googleapis.com/auth/cloud-platform"]
[debug] [2025-08-15T14:43:10.283Z] > authorizing via signed-in user (anashimo488@gmail.com)
[info] i  emulators: Starting emulators: functions {"metadata":{"emulator":{"name":"hub"},"message":"Starting emulators: functions"}}
[debug] [2025-08-15T14:43:10.324Z] [logging] Logging Emulator only supports listening on one address (127.0.0.1). Not listening on ::1
[debug] [2025-08-15T14:43:10.325Z] assigned listening specs for emulators {"user":{"hub":[{"address":"127.0.0.1","family":"IPv4","port":4400},{"address":"::1","family":"IPv6","port":4400}],"ui":[{"address":"127.0.0.1","family":"IPv4","port":4000},{"address":"::1","family":"IPv6","port":4000}],"logging":[{"address":"127.0.0.1","family":"IPv4","port":4500}]},"metadata":{"message":"assigned listening specs for emulators"}}
[debug] [2025-08-15T14:43:10.331Z] [hub] writing locator at C:\Users\PC\AppData\Local\Temp\hub-clone-372d4.json
[debug] [2025-08-15T14:43:10.381Z] [functions] Functions Emulator only supports listening on one address (127.0.0.1). Not listening on ::1
[debug] [2025-08-15T14:43:10.381Z] [eventarc] Eventarc Emulator only supports listening on one address (127.0.0.1). Not listening on ::1
[debug] [2025-08-15T14:43:10.381Z] [tasks] Cloud Tasks Emulator only supports listening on one address (127.0.0.1). Not listening on ::1
[debug] [2025-08-15T14:43:10.381Z] late-assigned ports for functions and eventarc emulators {"user":{"hub":[{"address":"127.0.0.1","family":"IPv4","port":4400},{"address":"::1","family":"IPv6","port":4400}],"ui":[{"address":"127.0.0.1","family":"IPv4","port":4000},{"address":"::1","family":"IPv6","port":4000}],"logging":[{"address":"127.0.0.1","family":"IPv4","port":4500}],"functions":[{"address":"127.0.0.1","family":"IPv4","port":5001}],"eventarc":[{"address":"127.0.0.1","family":"IPv4","port":9299}],"tasks":[{"address":"127.0.0.1","family":"IPv4","port":9499}]},"metadata":{"message":"late-assigned ports for functions and eventarc emulators"}}
[warn] !  functions: The following emulators are not running, calls to these services from the Functions emulator will affect production: apphosting, auth, firestore, database, hosting, pubsub, storage, dataconnect {"metadata":{"emulator":{"name":"functions"},"message":"The following emulators are not running, calls to these services from the Functions emulator will affect production: \u001b[1mapphosting, auth, firestore, database, hosting, pubsub, storage, dataconnect\u001b[22m"}}
[debug] [2025-08-15T14:43:10.523Z] defaultcredentials: writing to file C:\Users\PC\AppData\Roaming\firebase\anashimo488_gmail_com_application_default_credentials.json
[debug] [2025-08-15T14:43:10.528Z] Setting GAC to C:\Users\PC\AppData\Roaming\firebase\anashimo488_gmail_com_application_default_credentials.json {"metadata":{"emulator":{"name":"functions"},"message":"Setting GAC to C:\\Users\\PC\\AppData\\Roaming\\firebase\\anashimo488_gmail_com_application_default_credentials.json"}}
[debug] [2025-08-15T14:43:10.533Z] Checked if tokens are valid: true, expires at: 1755272495417
[debug] [2025-08-15T14:43:10.533Z] Checked if tokens are valid: true, expires at: 1755272495417
[debug] [2025-08-15T14:43:10.538Z] >>> [apiv2][query] GET https://firebase.googleapis.com/v1beta1/projects/clone-372d4/adminSdkConfig [none]
[debug] [2025-08-15T14:43:11.013Z] <<< [apiv2][status] GET https://firebase.googleapis.com/v1beta1/projects/clone-372d4/adminSdkConfig 200
[debug] [2025-08-15T14:43:11.013Z] <<< [apiv2][body] GET https://firebase.googleapis.com/v1beta1/projects/clone-372d4/adminSdkConfig {"projectId":"clone-372d4","storageBucket":"clone-372d4.firebasestorage.app"}
[info] i  functions: Watching "D:\react\store\functions" for Cloud Functions... {"metadata":{"emulator":{"name":"functions"},"message":"Watching \"D:\\react\\store\\functions\" for Cloud Functions..."}}
[debug] [2025-08-15T14:43:11.110Z] Validating nodejs source
[debug] [2025-08-15T14:43:13.225Z] > [functions] package.json contents: {
  "name": "functions",
  "description": "Cloud Functions for Firebase",
  "scripts": {
    "lint": "eslint .",
    "serve": "firebase emulators:start --only functions",
    "shell": "firebase functions:shell",
    "start": "npm run shell",
    "deploy": "firebase deploy --only functions",
    "logs": "firebase functions:log"
  },
  "engines": {
    "node": "22"
  },
  "main": "index.js",
  "dependencies": {
    "cors": "^2.8.5",
    "dotenv": "^17.2.1",
    "express": "^5.1.0",
    "firebase-admin": "^12.6.0",
    "firebase-functions": "^6.0.1",
    "stripe": "^18.4.0"
  },
  "devDependencies": {
    "eslint": "^8.15.0",
    "eslint-config-google": "^0.14.0",
    "firebase-functions-test": "^3.1.0"
  },
  "private": true
}
[debug] [2025-08-15T14:43:13.226Z] Building nodejs source
[debug] [2025-08-15T14:43:13.227Z] Failed to find version of module node: reached end of search path D:\react\store\functions\node_modules
[info] +  functions: Using node@22 from host. 
[info] i  functions: Loaded environment variables from .env. 
[debug] [2025-08-15T14:43:13.234Z] Could not find functions.yaml. Must use http discovery
[debug] [2025-08-15T14:43:13.250Z] Found firebase-functions binary at 'D:\react\store\functions\node_modules\.bin\firebase-functions'
[info] Serving at port 8268

[info] [dotenv@17.2.1] injecting env (1) from .env -- tip: ⚙️  load multiple .env files with { path: ['.env.local', '.env'] }

[debug] [2025-08-15T14:43:14.739Z] Got response from /__/functions.yaml {"endpoints":{"api":{"availableMemoryMb":null,"timeoutSeconds":null,"minInstances":null,"maxInstances":null,"ingressSettings":null,"concurrency":null,"serviceAccountEmail":null,"vpc":null,"platform":"gcfv2","labels":{},"httpsTrigger":{},"entryPoint":"api"}},"specVersion":"v1alpha1","requiredAPIs":[],"extensions":{}}
[info] +  functions: Loaded functions definitions from source: api. {"metadata":{"emulator":{"name":"functions"},"message":"Loaded functions definitions from source: api."}}
[info] +  functions[us-central1-api]: http function initialized (http://127.0.0.1:5001/clone-372d4/us-central1/api). {"metadata":{"emulator":{"name":"functions"},"message":"\u001b[1mhttp\u001b[22m function initialized (http://127.0.0.1:5001/clone-372d4/us-central1/api)."}}
[debug] [2025-08-15T14:43:18.832Z] Could not find VSCode notification endpoint: FetchError: request to http://localhost:40001/vscode/notify failed, reason: . If you are not running the Firebase Data Connect VSCode extension, this is expected and not an issue.
[info] 
┌─────────────────────────────────────────────────────────────┐
│ ✔  All emulators ready! It is now safe to connect your app. │
│ i  View Emulator UI at http://127.0.0.1:4000/               │
└─────────────────────────────────────────────────────────────┘

┌───────────┬────────────────┬─────────────────────────────────┐
│ Emulator  │ Host:Port      │ View in Emulator UI             │
├───────────┼────────────────┼─────────────────────────────────┤
│ Functions │ 127.0.0.1:5001 │ http://127.0.0.1:4000/functions │
└───────────┴────────────────┴─────────────────────────────────┘
  Emulator Hub host: 127.0.0.1 port: 4400
  Other reserved ports: 4500

Issues? Report them at https://github.com/firebase/firebase-tools/issues and attach the *-debug.log files.
 
[debug] [2025-08-15T14:43:59.057Z] [work-queue] {"queuedWork":["/clone-372d4/us-central1/api/payments/create-2025-08-15T14:43:59.057Z"],"queueLength":1,"runningWork":[],"workRunningCount":0}
[debug] [2025-08-15T14:43:59.058Z] [work-queue] {"queuedWork":[],"queueLength":0,"runningWork":["/clone-372d4/us-central1/api/payments/create-2025-08-15T14:43:59.057Z"],"workRunningCount":1}
[debug] [2025-08-15T14:43:59.059Z] Accepted request POST /clone-372d4/us-central1/api/payments/create?total=149700 --> us-central1-api
[debug] [2025-08-15T14:43:59.060Z] [functions] Runtime ready! Sending request! {"metadata":{"emulator":{"name":"functions"},"message":"[functions] Runtime ready! Sending request!"}}
[debug] [2025-08-15T14:43:59.062Z] [functions] Got req.url=/clone-372d4/us-central1/api/payments/create?total=149700, mapping to path=/payments/create?total=149700 {"metadata":{"emulator":{"name":"functions"},"message":"[functions] Got req.url=/clone-372d4/us-central1/api/payments/create?total=149700, mapping to path=/payments/create?total=149700"}}
[info] i  functions: Loaded environment variables from .env. 
[debug] [2025-08-15T14:43:59.099Z] [worker-pool] addWorker(us-central1-api) {"metadata":{"emulator":{"name":"functions"},"message":"[worker-pool] addWorker(us-central1-api)"}}
[debug] [2025-08-15T14:43:59.104Z] [worker-pool] Adding worker with key us-central1-api, total=1 {"metadata":{"emulator":{"name":"functions"},"message":"[worker-pool] Adding worker with key us-central1-api, total=1"}}
[debug] [2025-08-15T14:43:59.114Z] [work-queue] {"queuedWork":["/clone-372d4/us-central1/api/payments/create-2025-08-15T14:43:59.114Z"],"queueLength":1,"runningWork":["/clone-372d4/us-central1/api/payments/create-2025-08-15T14:43:59.057Z"],"workRunningCount":1}
[debug] [2025-08-15T14:43:59.115Z] [work-queue] {"queuedWork":[],"queueLength":0,"runningWork":["/clone-372d4/us-central1/api/payments/create-2025-08-15T14:43:59.057Z","/clone-372d4/us-central1/api/payments/create-2025-08-15T14:43:59.114Z"],"workRunningCount":2}
[debug] [2025-08-15T14:43:59.115Z] Accepted request POST /clone-372d4/us-central1/api/payments/create?total=149700 --> us-central1-api
[debug] [2025-08-15T14:43:59.116Z] [functions] Runtime ready! Sending request! {"metadata":{"emulator":{"name":"functions"},"message":"[functions] Runtime ready! Sending request!"}}
[debug] [2025-08-15T14:43:59.116Z] [functions] Got req.url=/clone-372d4/us-central1/api/payments/create?total=149700, mapping to path=/payments/create?total=149700 {"metadata":{"emulator":{"name":"functions"},"message":"[functions] Got req.url=/clone-372d4/us-central1/api/payments/create?total=149700, mapping to path=/payments/create?total=149700"}}
[info] i  functions: Loaded environment variables from .env. 
[debug] [2025-08-15T14:43:59.126Z] [worker-pool] addWorker(us-central1-api) {"metadata":{"emulator":{"name":"functions"},"message":"[worker-pool] addWorker(us-central1-api)"}}
[debug] [2025-08-15T14:43:59.127Z] [worker-pool] Adding worker with key us-central1-api, total=2 {"metadata":{"emulator":{"name":"functions"},"message":"[worker-pool] Adding worker with key us-central1-api, total=2"}}
[info] >  (node:16268) [DEP0040] DeprecationWarning: The `punycode` module is deprecated. Please use a userland alternative instead. {"user":"(node:16268) [DEP0040] DeprecationWarning: The `punycode` module is deprecated. Please use a userland alternative instead.","metadata":{"emulator":{"name":"functions"},"function":{"name":"us-central1-api"},"extension":{},"message":"\u001b[90m> \u001b[39m (node:16268) [DEP0040] DeprecationWarning: The `punycode` module is deprecated. Please use a userland alternative instead."}}
[info] >  (Use `node --trace-deprecation ...` to show where the warning was created) {"user":"(Use `node --trace-deprecation ...` to show where the warning was created)","metadata":{"emulator":{"name":"functions"},"function":{"name":"us-central1-api"},"extension":{},"message":"\u001b[90m> \u001b[39m (Use `node --trace-deprecation ...` to show where the warning was created)"}}
[info] >  (node:15432) [DEP0040] DeprecationWarning: The `punycode` module is deprecated. Please use a userland alternative instead. {"user":"(node:15432) [DEP0040] DeprecationWarning: The `punycode` module is deprecated. Please use a userland alternative instead.","metadata":{"emulator":{"name":"functions"},"function":{"name":"us-central1-api"},"extension":{},"message":"\u001b[90m> \u001b[39m (node:15432) [DEP0040] DeprecationWarning: The `punycode` module is deprecated. Please use a userland alternative instead."}}
[info] >  (Use `node --trace-deprecation ...` to show where the warning was created) {"user":"(Use `node --trace-deprecation ...` to show where the warning was created)","metadata":{"emulator":{"name":"functions"},"function":{"name":"us-central1-api"},"extension":{},"message":"\u001b[90m> \u001b[39m (Use `node --trace-deprecation ...` to show where the warning was created)"}}
[debug] [2025-08-15T14:44:02.480Z] [runtime-status] [16268] Resolved module firebase-admin {"declared":true,"installed":true,"version":"12.7.0","resolution":"D:\\react\\store\\functions\\node_modules\\firebase-admin\\lib\\index.js"} {"metadata":{"emulator":{"name":"functions"},"function":{"name":"us-central1-api"},"extension":{},"message":"[runtime-status] [16268] Resolved module firebase-admin {\"declared\":true,\"installed\":true,\"version\":\"12.7.0\",\"resolution\":\"D:\\\\react\\\\store\\\\functions\\\\node_modules\\\\firebase-admin\\\\lib\\\\index.js\"}"}}
[debug] [2025-08-15T14:44:02.480Z] [runtime-status] [15432] Resolved module firebase-admin {"declared":true,"installed":true,"version":"12.7.0","resolution":"D:\\react\\store\\functions\\node_modules\\firebase-admin\\lib\\index.js"} {"metadata":{"emulator":{"name":"functions"},"function":{"name":"us-central1-api"},"extension":{},"message":"[runtime-status] [15432] Resolved module firebase-admin {\"declared\":true,\"installed\":true,\"version\":\"12.7.0\",\"resolution\":\"D:\\\\react\\\\store\\\\functions\\\\node_modules\\\\firebase-admin\\\\lib\\\\index.js\"}"}}
[debug] [2025-08-15T14:44:02.481Z] [runtime-status] [16268] Resolved module firebase-functions {"declared":true,"installed":true,"version":"6.4.0","resolution":"D:\\react\\store\\functions\\node_modules\\firebase-functions\\lib\\v2\\index.js"} {"metadata":{"emulator":{"name":"functions"},"function":{"name":"us-central1-api"},"extension":{},"message":"[runtime-status] [16268] Resolved module firebase-functions {\"declared\":true,\"installed\":true,\"version\":\"6.4.0\",\"resolution\":\"D:\\\\react\\\\store\\\\functions\\\\node_modules\\\\firebase-functions\\\\lib\\\\v2\\\\index.js\"}"}}
[debug] [2025-08-15T14:44:02.481Z] [runtime-status] [15432] Resolved module firebase-functions {"declared":true,"installed":true,"version":"6.4.0","resolution":"D:\\react\\store\\functions\\node_modules\\firebase-functions\\lib\\v2\\index.js"} {"metadata":{"emulator":{"name":"functions"},"function":{"name":"us-central1-api"},"extension":{},"message":"[runtime-status] [15432] Resolved module firebase-functions {\"declared\":true,\"installed\":true,\"version\":\"6.4.0\",\"resolution\":\"D:\\\\react\\\\store\\\\functions\\\\node_modules\\\\firebase-functions\\\\lib\\\\v2\\\\index.js\"}"}}
[debug] [2025-08-15T14:44:02.482Z] [runtime-status] [16268] Outgoing network have been stubbed. [{"name":"http","status":"mocked"},{"name":"http","status":"mocked"},{"name":"https","status":"mocked"},{"name":"https","status":"mocked"},{"name":"net","status":"mocked"}] {"metadata":{"emulator":{"name":"functions"},"function":{"name":"us-central1-api"},"extension":{},"message":"[runtime-status] [16268] Outgoing network have been stubbed. [{\"name\":\"http\",\"status\":\"mocked\"},{\"name\":\"http\",\"status\":\"mocked\"},{\"name\":\"https\",\"status\":\"mocked\"},{\"name\":\"https\",\"status\":\"mocked\"},{\"name\":\"net\",\"status\":\"mocked\"}]"}}
[debug] [2025-08-15T14:44:02.483Z] [runtime-status] [15432] Outgoing network have been stubbed. [{"name":"http","status":"mocked"},{"name":"http","status":"mocked"},{"name":"https","status":"mocked"},{"name":"https","status":"mocked"},{"name":"net","status":"mocked"}] {"metadata":{"emulator":{"name":"functions"},"function":{"name":"us-central1-api"},"extension":{},"message":"[runtime-status] [15432] Outgoing network have been stubbed. [{\"name\":\"http\",\"status\":\"mocked\"},{\"name\":\"http\",\"status\":\"mocked\"},{\"name\":\"https\",\"status\":\"mocked\"},{\"name\":\"https\",\"status\":\"mocked\"},{\"name\":\"net\",\"status\":\"mocked\"}]"}}
[debug] [2025-08-15T14:44:02.484Z] [runtime-status] [16268] Resolved module firebase-functions {"declared":true,"installed":true,"version":"6.4.0","resolution":"D:\\react\\store\\functions\\node_modules\\firebase-functions\\lib\\v2\\index.js"} {"metadata":{"emulator":{"name":"functions"},"function":{"name":"us-central1-api"},"extension":{},"message":"[runtime-status] [16268] Resolved module firebase-functions {\"declared\":true,\"installed\":true,\"version\":\"6.4.0\",\"resolution\":\"D:\\\\react\\\\store\\\\functions\\\\node_modules\\\\firebase-functions\\\\lib\\\\v2\\\\index.js\"}"}}
[debug] [2025-08-15T14:44:02.485Z] [runtime-status] [15432] Resolved module firebase-functions {"declared":true,"installed":true,"version":"6.4.0","resolution":"D:\\react\\store\\functions\\node_modules\\firebase-functions\\lib\\v2\\index.js"} {"metadata":{"emulator":{"name":"functions"},"function":{"name":"us-central1-api"},"extension":{},"message":"[runtime-status] [15432] Resolved module firebase-functions {\"declared\":true,\"installed\":true,\"version\":\"6.4.0\",\"resolution\":\"D:\\\\react\\\\store\\\\functions\\\\node_modules\\\\firebase-functions\\\\lib\\\\v2\\\\index.js\"}"}}
[debug] [2025-08-15T14:44:03.374Z] [runtime-status] [16268] Checked functions.config() {"config":{}} {"metadata":{"emulator":{"name":"functions"},"function":{"name":"us-central1-api"},"extension":{},"message":"[runtime-status] [16268] Checked functions.config() {\"config\":{}}"}}
[debug] [2025-08-15T14:44:03.376Z] [runtime-status] [16268] firebase-functions has been stubbed. {"functionsResolution":{"declared":true,"installed":true,"version":"6.4.0","resolution":"D:\\react\\store\\functions\\node_modules\\firebase-functions\\lib\\v2\\index.js"}} {"metadata":{"emulator":{"name":"functions"},"function":{"name":"us-central1-api"},"extension":{},"message":"[runtime-status] [16268] firebase-functions has been stubbed. {\"functionsResolution\":{\"declared\":true,\"installed\":true,\"version\":\"6.4.0\",\"resolution\":\"D:\\\\react\\\\store\\\\functions\\\\node_modules\\\\firebase-functions\\\\lib\\\\v2\\\\index.js\"}}"}}
[debug] [2025-08-15T14:44:03.378Z] [runtime-status] [16268] Resolved module firebase-functions {"declared":true,"installed":true,"version":"6.4.0","resolution":"D:\\react\\store\\functions\\node_modules\\firebase-functions\\lib\\v2\\index.js"} {"metadata":{"emulator":{"name":"functions"},"function":{"name":"us-central1-api"},"extension":{},"message":"[runtime-status] [16268] Resolved module firebase-functions {\"declared\":true,\"installed\":true,\"version\":\"6.4.0\",\"resolution\":\"D:\\\\react\\\\store\\\\functions\\\\node_modules\\\\firebase-functions\\\\lib\\\\v2\\\\index.js\"}"}}
[debug] [2025-08-15T14:44:03.402Z] [runtime-status] [15432] Checked functions.config() {"config":{}} {"metadata":{"emulator":{"name":"functions"},"function":{"name":"us-central1-api"},"extension":{},"message":"[runtime-status] [15432] Checked functions.config() {\"config\":{}}"}}
[debug] [2025-08-15T14:44:03.402Z] [runtime-status] [15432] firebase-functions has been stubbed. {"functionsResolution":{"declared":true,"installed":true,"version":"6.4.0","resolution":"D:\\react\\store\\functions\\node_modules\\firebase-functions\\lib\\v2\\index.js"}} {"metadata":{"emulator":{"name":"functions"},"function":{"name":"us-central1-api"},"extension":{},"message":"[runtime-status] [15432] firebase-functions has been stubbed. {\"functionsResolution\":{\"declared\":true,\"installed\":true,\"version\":\"6.4.0\",\"resolution\":\"D:\\\\react\\\\store\\\\functions\\\\node_modules\\\\firebase-functions\\\\lib\\\\v2\\\\index.js\"}}"}}
[debug] [2025-08-15T14:44:03.403Z] [runtime-status] [15432] Resolved module firebase-functions {"declared":true,"installed":true,"version":"6.4.0","resolution":"D:\\react\\store\\functions\\node_modules\\firebase-functions\\lib\\v2\\index.js"} {"metadata":{"emulator":{"name":"functions"},"function":{"name":"us-central1-api"},"extension":{},"message":"[runtime-status] [15432] Resolved module firebase-functions {\"declared\":true,\"installed\":true,\"version\":\"6.4.0\",\"resolution\":\"D:\\\\react\\\\store\\\\functions\\\\node_modules\\\\firebase-functions\\\\lib\\\\v2\\\\index.js\"}"}}
[debug] [2025-08-15T14:44:03.468Z] [runtime-status] [15432] Resolved module firebase-admin {"declared":true,"installed":true,"version":"12.7.0","resolution":"D:\\react\\store\\functions\\node_modules\\firebase-admin\\lib\\index.js"} {"metadata":{"emulator":{"name":"functions"},"function":{"name":"us-central1-api"},"extension":{},"message":"[runtime-status] [15432] Resolved module firebase-admin {\"declared\":true,\"installed\":true,\"version\":\"12.7.0\",\"resolution\":\"D:\\\\react\\\\store\\\\functions\\\\node_modules\\\\firebase-admin\\\\lib\\\\index.js\"}"}}
[debug] [2025-08-15T14:44:03.476Z] [runtime-status] [16268] Resolved module firebase-admin {"declared":true,"installed":true,"version":"12.7.0","resolution":"D:\\react\\store\\functions\\node_modules\\firebase-admin\\lib\\index.js"} {"metadata":{"emulator":{"name":"functions"},"function":{"name":"us-central1-api"},"extension":{},"message":"[runtime-status] [16268] Resolved module firebase-admin {\"declared\":true,\"installed\":true,\"version\":\"12.7.0\",\"resolution\":\"D:\\\\react\\\\store\\\\functions\\\\node_modules\\\\firebase-admin\\\\lib\\\\index.js\"}"}}
[debug] [2025-08-15T14:44:03.495Z] [runtime-status] [15432] Resolved module firebase-functions {"declared":true,"installed":true,"version":"6.4.0","resolution":"D:\\react\\store\\functions\\node_modules\\firebase-functions\\lib\\v2\\index.js"} {"metadata":{"emulator":{"name":"functions"},"function":{"name":"us-central1-api"},"extension":{},"message":"[runtime-status] [15432] Resolved module firebase-functions {\"declared\":true,\"installed\":true,\"version\":\"6.4.0\",\"resolution\":\"D:\\\\react\\\\store\\\\functions\\\\node_modules\\\\firebase-functions\\\\lib\\\\v2\\\\index.js\"}"}}
[debug] [2025-08-15T14:44:03.495Z] [runtime-status] [16268] Resolved module firebase-functions {"declared":true,"installed":true,"version":"6.4.0","resolution":"D:\\react\\store\\functions\\node_modules\\firebase-functions\\lib\\v2\\index.js"} {"metadata":{"emulator":{"name":"functions"},"function":{"name":"us-central1-api"},"extension":{},"message":"[runtime-status] [16268] Resolved module firebase-functions {\"declared\":true,\"installed\":true,\"version\":\"6.4.0\",\"resolution\":\"D:\\\\react\\\\store\\\\functions\\\\node_modules\\\\firebase-functions\\\\lib\\\\v2\\\\index.js\"}"}}
[debug] [2025-08-15T14:44:03.496Z] [runtime-status] [15432] firebase-admin has been stubbed. {"adminResolution":{"declared":true,"installed":true,"version":"12.7.0","resolution":"D:\\react\\store\\functions\\node_modules\\firebase-admin\\lib\\index.js"}} {"metadata":{"emulator":{"name":"functions"},"function":{"name":"us-central1-api"},"extension":{},"message":"[runtime-status] [15432] firebase-admin has been stubbed. {\"adminResolution\":{\"declared\":true,\"installed\":true,\"version\":\"12.7.0\",\"resolution\":\"D:\\\\react\\\\store\\\\functions\\\\node_modules\\\\firebase-admin\\\\lib\\\\index.js\"}}"}}
[debug] [2025-08-15T14:44:03.497Z] [runtime-status] [16268] firebase-admin has been stubbed. {"adminResolution":{"declared":true,"installed":true,"version":"12.7.0","resolution":"D:\\react\\store\\functions\\node_modules\\firebase-admin\\lib\\index.js"}} {"metadata":{"emulator":{"name":"functions"},"function":{"name":"us-central1-api"},"extension":{},"message":"[runtime-status] [16268] firebase-admin has been stubbed. {\"adminResolution\":{\"declared\":true,\"installed\":true,\"version\":\"12.7.0\",\"resolution\":\"D:\\\\react\\\\store\\\\functions\\\\node_modules\\\\firebase-admin\\\\lib\\\\index.js\"}}"}}
[info] >  [dotenv@17.2.1] injecting env (0) from .env -- tip: ⚙️  specify custom .env file path with { path: '/custom/path/.env' } {"user":"[dotenv@17.2.1] injecting env (0) from .env -- tip: ⚙️  specify custom .env file path with { path: '/custom/path/.env' }","metadata":{"emulator":{"name":"functions"},"function":{"name":"us-central1-api"},"extension":{},"message":"\u001b[90m> \u001b[39m [dotenv@17.2.1] injecting env (0) from .env -- tip: ⚙️  specify custom .env file path with { path: '/custom/path/.env' }"}}
[info] >  [dotenv@17.2.1] injecting env (0) from .env -- tip: ⚙️  write to custom object with { processEnv: myObject } {"user":"[dotenv@17.2.1] injecting env (0) from .env -- tip: ⚙️  write to custom object with { processEnv: myObject }","metadata":{"emulator":{"name":"functions"},"function":{"name":"us-central1-api"},"extension":{},"message":"\u001b[90m> \u001b[39m [dotenv@17.2.1] injecting env (0) from .env -- tip: ⚙️  write to custom object with { processEnv: myObject }"}}
[debug] [2025-08-15T14:44:04.008Z] [runtime-status] [16268] Functions runtime initialized. {"cwd":"D:\\react\\store\\functions","node_version":"22.13.0"} {"metadata":{"emulator":{"name":"functions"},"function":{"name":"us-central1-api"},"extension":{},"message":"[runtime-status] [16268] Functions runtime initialized. {\"cwd\":\"D:\\\\react\\\\store\\\\functions\",\"node_version\":\"22.13.0\"}"}}
[debug] [2025-08-15T14:44:04.009Z] [runtime-status] [16268] Listening to port: \\?\pipe\fire_emu_2bfa708e3a6cd679 {"metadata":{"emulator":{"name":"functions"},"function":{"name":"us-central1-api"},"extension":{},"message":"[runtime-status] [16268] Listening to port: \\\\?\\pipe\\fire_emu_2bfa708e3a6cd679"}}
[debug] [2025-08-15T14:44:04.038Z] [runtime-status] [15432] Functions runtime initialized. {"cwd":"D:\\react\\store\\functions","node_version":"22.13.0"} {"metadata":{"emulator":{"name":"functions"},"function":{"name":"us-central1-api"},"extension":{},"message":"[runtime-status] [15432] Functions runtime initialized. {\"cwd\":\"D:\\\\react\\\\store\\\\functions\",\"node_version\":\"22.13.0\"}"}}
[debug] [2025-08-15T14:44:04.039Z] [runtime-status] [15432] Listening to port: \\?\pipe\fire_emu_b3a4118d043afef3 {"metadata":{"emulator":{"name":"functions"},"function":{"name":"us-central1-api"},"extension":{},"message":"[runtime-status] [15432] Listening to port: \\\\?\\pipe\\fire_emu_b3a4118d043afef3"}}
[debug] [2025-08-15T14:44:04.112Z] [worker-us-central1-api-6d15a6e9-a082-48e2-b8f8-0456eeaefda0]: IDLE {"metadata":{"emulator":{"name":"functions"},"function":{"name":"us-central1-api"},"extension":{},"message":"[worker-us-central1-api-6d15a6e9-a082-48e2-b8f8-0456eeaefda0]: IDLE"}}
[debug] [2025-08-15T14:44:04.113Z] [worker-pool] submitRequest(triggerId=us-central1-api) {"metadata":{"emulator":{"name":"functions"},"message":"[worker-pool] submitRequest(triggerId=us-central1-api)"}}
[info] i  functions: Beginning execution of "us-central1-api" {"metadata":{"emulator":{"name":"functions"},"function":{"name":"us-central1-api"},"extension":{},"message":"Beginning execution of \"us-central1-api\""}}
[debug] [2025-08-15T14:44:04.115Z] [worker-us-central1-api-6d15a6e9-a082-48e2-b8f8-0456eeaefda0]: BUSY {"metadata":{"emulator":{"name":"functions"},"function":{"name":"us-central1-api"},"extension":{},"message":"[worker-us-central1-api-6d15a6e9-a082-48e2-b8f8-0456eeaefda0]: BUSY"}}
[debug] [2025-08-15T14:44:04.117Z] [worker-us-central1-api-d70a20d5-f515-4e62-87d6-9c9138bb1d98]: IDLE {"metadata":{"emulator":{"name":"functions"},"function":{"name":"us-central1-api"},"extension":{},"message":"[worker-us-central1-api-d70a20d5-f515-4e62-87d6-9c9138bb1d98]: IDLE"}}
[debug] [2025-08-15T14:44:04.117Z] [worker-pool] submitRequest(triggerId=us-central1-api) {"metadata":{"emulator":{"name":"functions"},"message":"[worker-pool] submitRequest(triggerId=us-central1-api)"}}
[info] i  functions: Beginning execution of "us-central1-api" {"metadata":{"emulator":{"name":"functions"},"function":{"name":"us-central1-api"},"extension":{},"message":"Beginning execution of \"us-central1-api\""}}
[debug] [2025-08-15T14:44:04.118Z] [worker-us-central1-api-d70a20d5-f515-4e62-87d6-9c9138bb1d98]: BUSY {"metadata":{"emulator":{"name":"functions"},"function":{"name":"us-central1-api"},"extension":{},"message":"[worker-us-central1-api-d70a20d5-f515-4e62-87d6-9c9138bb1d98]: BUSY"}}
[debug] [2025-08-15T14:44:06.057Z] Finishing up request with event=pause {"metadata":{"emulator":{"name":"functions"},"function":{"name":"us-central1-api"},"extension":{},"message":"Finishing up request with event=pause"}}
[info] i  functions: Finished "us-central1-api" in 1924.9615ms {"metadata":{"emulator":{"name":"functions"},"function":{"name":"us-central1-api"},"extension":{},"message":"Finished \"us-central1-api\" in 1924.9615ms"}}
[debug] [2025-08-15T14:44:06.058Z] [worker-us-central1-api-d70a20d5-f515-4e62-87d6-9c9138bb1d98]: IDLE {"metadata":{"emulator":{"name":"functions"},"function":{"name":"us-central1-api"},"extension":{},"message":"[worker-us-central1-api-d70a20d5-f515-4e62-87d6-9c9138bb1d98]: IDLE"}}
[debug] [2025-08-15T14:44:06.059Z] Finishing up request with event=finish {"metadata":{"emulator":{"name":"functions"},"function":{"name":"us-central1-api"},"extension":{},"message":"Finishing up request with event=finish"}}
[debug] [2025-08-15T14:44:06.060Z] Finishing up request with event=close {"metadata":{"emulator":{"name":"functions"},"function":{"name":"us-central1-api"},"extension":{},"message":"Finishing up request with event=close"}}
[debug] [2025-08-15T14:44:06.060Z] [work-queue] {"queuedWork":[],"queueLength":0,"runningWork":["/clone-372d4/us-central1/api/payments/create-2025-08-15T14:43:59.114Z"],"workRunningCount":1}
[debug] [2025-08-15T14:44:06.062Z] Finishing up request with event=pause {"metadata":{"emulator":{"name":"functions"},"function":{"name":"us-central1-api"},"extension":{},"message":"Finishing up request with event=pause"}}
[info] i  functions: Finished "us-central1-api" in 1933.5726ms {"metadata":{"emulator":{"name":"functions"},"function":{"name":"us-central1-api"},"extension":{},"message":"Finished \"us-central1-api\" in 1933.5726ms"}}
[debug] [2025-08-15T14:44:06.064Z] [worker-us-central1-api-6d15a6e9-a082-48e2-b8f8-0456eeaefda0]: IDLE {"metadata":{"emulator":{"name":"functions"},"function":{"name":"us-central1-api"},"extension":{},"message":"[worker-us-central1-api-6d15a6e9-a082-48e2-b8f8-0456eeaefda0]: IDLE"}}
[debug] [2025-08-15T14:44:06.064Z] Finishing up request with event=finish {"metadata":{"emulator":{"name":"functions"},"function":{"name":"us-central1-api"},"extension":{},"message":"Finishing up request with event=finish"}}
[debug] [2025-08-15T14:44:06.064Z] Finishing up request with event=close {"metadata":{"emulator":{"name":"functions"},"function":{"name":"us-central1-api"},"extension":{},"message":"Finishing up request with event=close"}}
[debug] [2025-08-15T14:44:06.065Z] [work-queue] {"queuedWork":[],"queueLength":0,"runningWork":[],"workRunningCount":0}
[debug] [2025-08-15T14:44:17.951Z] [work-queue] {"queuedWork":["/clone-372d4/us-central1/api/payments/create-2025-08-15T14:44:17.951Z"],"queueLength":1,"runningWork":[],"workRunningCount":0}
[debug] [2025-08-15T14:44:17.951Z] [work-queue] {"queuedWork":[],"queueLength":0,"runningWork":["/clone-372d4/us-central1/api/payments/create-2025-08-15T14:44:17.951Z"],"workRunningCount":1}
[debug] [2025-08-15T14:44:17.952Z] Accepted request POST /clone-372d4/us-central1/api/payments/create?total=0 --> us-central1-api
[debug] [2025-08-15T14:44:17.953Z] [functions] Runtime ready! Sending request! {"metadata":{"emulator":{"name":"functions"},"message":"[functions] Runtime ready! Sending request!"}}
[debug] [2025-08-15T14:44:17.953Z] [functions] Got req.url=/clone-372d4/us-central1/api/payments/create?total=0, mapping to path=/payments/create?total=0 {"metadata":{"emulator":{"name":"functions"},"message":"[functions] Got req.url=/clone-372d4/us-central1/api/payments/create?total=0, mapping to path=/payments/create?total=0"}}
[debug] [2025-08-15T14:44:17.954Z] [worker-pool] submitRequest(triggerId=us-central1-api) {"metadata":{"emulator":{"name":"functions"},"message":"[worker-pool] submitRequest(triggerId=us-central1-api)"}}
[info] i  functions: Beginning execution of "us-central1-api" {"metadata":{"emulator":{"name":"functions"},"function":{"name":"us-central1-api"},"extension":{},"message":"Beginning execution of \"us-central1-api\""}}
[debug] [2025-08-15T14:44:17.968Z] [worker-us-central1-api-d70a20d5-f515-4e62-87d6-9c9138bb1d98]: BUSY {"metadata":{"emulator":{"name":"functions"},"function":{"name":"us-central1-api"},"extension":{},"message":"[worker-us-central1-api-d70a20d5-f515-4e62-87d6-9c9138bb1d98]: BUSY"}}
[debug] [2025-08-15T14:44:18.452Z] Finishing up request with event=pause {"metadata":{"emulator":{"name":"functions"},"function":{"name":"us-central1-api"},"extension":{},"message":"Finishing up request with event=pause"}}
[info] i  functions: Finished "us-central1-api" in 484.4735ms {"metadata":{"emulator":{"name":"functions"},"function":{"name":"us-central1-api"},"extension":{},"message":"Finished \"us-central1-api\" in 484.4735ms"}}
[debug] [2025-08-15T14:44:18.455Z] [worker-us-central1-api-d70a20d5-f515-4e62-87d6-9c9138bb1d98]: IDLE {"metadata":{"emulator":{"name":"functions"},"function":{"name":"us-central1-api"},"extension":{},"message":"[worker-us-central1-api-d70a20d5-f515-4e62-87d6-9c9138bb1d98]: IDLE"}}
[debug] [2025-08-15T14:44:18.455Z] Finishing up request with event=finish {"metadata":{"emulator":{"name":"functions"},"function":{"name":"us-central1-api"},"extension":{},"message":"Finishing up request with event=finish"}}
[debug] [2025-08-15T14:44:18.456Z] Finishing up request with event=close {"metadata":{"emulator":{"name":"functions"},"function":{"name":"us-central1-api"},"extension":{},"message":"Finishing up request with event=close"}}
[debug] [2025-08-15T14:44:18.456Z] [work-queue] {"queuedWork":[],"queueLength":0,"runningWork":[],"workRunningCount":0}
[debug] [2025-08-15T14:53:28.939Z] [work-queue] {"queuedWork":["/clone-372d4/us-central1/api/payments/create-2025-08-15T14:53:28.938Z"],"queueLength":1,"runningWork":[],"workRunningCount":0}
[debug] [2025-08-15T14:53:28.939Z] [work-queue] {"queuedWork":[],"queueLength":0,"runningWork":["/clone-372d4/us-central1/api/payments/create-2025-08-15T14:53:28.938Z"],"workRunningCount":1}
[debug] [2025-08-15T14:53:28.939Z] Accepted request POST /clone-372d4/us-central1/api/payments/create?total=141998 --> us-central1-api
[debug] [2025-08-15T14:53:28.940Z] [functions] Runtime ready! Sending request! {"metadata":{"emulator":{"name":"functions"},"message":"[functions] Runtime ready! Sending request!"}}
[debug] [2025-08-15T14:53:28.941Z] [functions] Got req.url=/clone-372d4/us-central1/api/payments/create?total=141998, mapping to path=/payments/create?total=141998 {"metadata":{"emulator":{"name":"functions"},"message":"[functions] Got req.url=/clone-372d4/us-central1/api/payments/create?total=141998, mapping to path=/payments/create?total=141998"}}
[debug] [2025-08-15T14:53:28.941Z] [worker-pool] submitRequest(triggerId=us-central1-api) {"metadata":{"emulator":{"name":"functions"},"message":"[worker-pool] submitRequest(triggerId=us-central1-api)"}}
[info] i  functions: Beginning execution of "us-central1-api" {"metadata":{"emulator":{"name":"functions"},"function":{"name":"us-central1-api"},"extension":{},"message":"Beginning execution of \"us-central1-api\""}}
[debug] [2025-08-15T14:53:28.943Z] [worker-us-central1-api-d70a20d5-f515-4e62-87d6-9c9138bb1d98]: BUSY {"metadata":{"emulator":{"name":"functions"},"function":{"name":"us-central1-api"},"extension":{},"message":"[worker-us-central1-api-d70a20d5-f515-4e62-87d6-9c9138bb1d98]: BUSY"}}
[debug] [2025-08-15T14:53:28.948Z] [work-queue] {"queuedWork":["/clone-372d4/us-central1/api/payments/create-2025-08-15T14:53:28.948Z"],"queueLength":1,"runningWork":["/clone-372d4/us-central1/api/payments/create-2025-08-15T14:53:28.938Z"],"workRunningCount":1}
[debug] [2025-08-15T14:53:28.948Z] [work-queue] {"queuedWork":[],"queueLength":0,"runningWork":["/clone-372d4/us-central1/api/payments/create-2025-08-15T14:53:28.938Z","/clone-372d4/us-central1/api/payments/create-2025-08-15T14:53:28.948Z"],"workRunningCount":2}
[debug] [2025-08-15T14:53:28.948Z] Accepted request POST /clone-372d4/us-central1/api/payments/create?total=141998 --> us-central1-api
[debug] [2025-08-15T14:53:28.949Z] [functions] Runtime ready! Sending request! {"metadata":{"emulator":{"name":"functions"},"message":"[functions] Runtime ready! Sending request!"}}
[debug] [2025-08-15T14:53:28.950Z] [functions] Got req.url=/clone-372d4/us-central1/api/payments/create?total=141998, mapping to path=/payments/create?total=141998 {"metadata":{"emulator":{"name":"functions"},"message":"[functions] Got req.url=/clone-372d4/us-central1/api/payments/create?total=141998, mapping to path=/payments/create?total=141998"}}
[debug] [2025-08-15T14:53:28.950Z] [worker-pool] submitRequest(triggerId=us-central1-api) {"metadata":{"emulator":{"name":"functions"},"message":"[worker-pool] submitRequest(triggerId=us-central1-api)"}}
[info] i  functions: Beginning execution of "us-central1-api" {"metadata":{"emulator":{"name":"functions"},"function":{"name":"us-central1-api"},"extension":{},"message":"Beginning execution of \"us-central1-api\""}}
[debug] [2025-08-15T14:53:28.951Z] [worker-us-central1-api-6d15a6e9-a082-48e2-b8f8-0456eeaefda0]: BUSY {"metadata":{"emulator":{"name":"functions"},"function":{"name":"us-central1-api"},"extension":{},"message":"[worker-us-central1-api-6d15a6e9-a082-48e2-b8f8-0456eeaefda0]: BUSY"}}
[debug] [2025-08-15T14:53:29.730Z] Finishing up request with event=pause {"metadata":{"emulator":{"name":"functions"},"function":{"name":"us-central1-api"},"extension":{},"message":"Finishing up request with event=pause"}}
[info] i  functions: Finished "us-central1-api" in 779.4262ms {"metadata":{"emulator":{"name":"functions"},"function":{"name":"us-central1-api"},"extension":{},"message":"Finished \"us-central1-api\" in 779.4262ms"}}
[debug] [2025-08-15T14:53:29.733Z] [worker-us-central1-api-6d15a6e9-a082-48e2-b8f8-0456eeaefda0]: IDLE {"metadata":{"emulator":{"name":"functions"},"function":{"name":"us-central1-api"},"extension":{},"message":"[worker-us-central1-api-6d15a6e9-a082-48e2-b8f8-0456eeaefda0]: IDLE"}}
[debug] [2025-08-15T14:53:29.734Z] Finishing up request with event=finish {"metadata":{"emulator":{"name":"functions"},"function":{"name":"us-central1-api"},"extension":{},"message":"Finishing up request with event=finish"}}
[debug] [2025-08-15T14:53:29.734Z] Finishing up request with event=close {"metadata":{"emulator":{"name":"functions"},"function":{"name":"us-central1-api"},"extension":{},"message":"Finishing up request with event=close"}}
[debug] [2025-08-15T14:53:29.735Z] [work-queue] {"queuedWork":[],"queueLength":0,"runningWork":["/clone-372d4/us-central1/api/payments/create-2025-08-15T14:53:28.938Z"],"workRunningCount":1}
[debug] [2025-08-15T14:53:29.739Z] Finishing up request with event=pause {"metadata":{"emulator":{"name":"functions"},"function":{"name":"us-central1-api"},"extension":{},"message":"Finishing up request with event=pause"}}
[info] i  functions: Finished "us-central1-api" in 795.8137ms {"metadata":{"emulator":{"name":"functions"},"function":{"name":"us-central1-api"},"extension":{},"message":"Finished \"us-central1-api\" in 795.8137ms"}}
[debug] [2025-08-15T14:53:29.741Z] [worker-us-central1-api-d70a20d5-f515-4e62-87d6-9c9138bb1d98]: IDLE {"metadata":{"emulator":{"name":"functions"},"function":{"name":"us-central1-api"},"extension":{},"message":"[worker-us-central1-api-d70a20d5-f515-4e62-87d6-9c9138bb1d98]: IDLE"}}
[debug] [2025-08-15T14:53:29.742Z] Finishing up request with event=finish {"metadata":{"emulator":{"name":"functions"},"function":{"name":"us-central1-api"},"extension":{},"message":"Finishing up request with event=finish"}}
[debug] [2025-08-15T14:53:29.743Z] Finishing up request with event=close {"metadata":{"emulator":{"name":"functions"},"function":{"name":"us-central1-api"},"extension":{},"message":"Finishing up request with event=close"}}
[debug] [2025-08-15T14:53:29.743Z] [work-queue] {"queuedWork":[],"queueLength":0,"runningWork":[],"workRunningCount":0}
[debug] [2025-08-15T14:53:45.927Z] [work-queue] {"queuedWork":["/clone-372d4/us-central1/api/payments/create-2025-08-15T14:53:45.927Z"],"queueLength":1,"runningWork":[],"workRunningCount":0}
[debug] [2025-08-15T14:53:45.928Z] [work-queue] {"queuedWork":[],"queueLength":0,"runningWork":["/clone-372d4/us-central1/api/payments/create-2025-08-15T14:53:45.927Z"],"workRunningCount":1}
[debug] [2025-08-15T14:53:45.928Z] Accepted request POST /clone-372d4/us-central1/api/payments/create?total=0 --> us-central1-api
[debug] [2025-08-15T14:53:45.929Z] [functions] Runtime ready! Sending request! {"metadata":{"emulator":{"name":"functions"},"message":"[functions] Runtime ready! Sending request!"}}
[debug] [2025-08-15T14:53:45.929Z] [functions] Got req.url=/clone-372d4/us-central1/api/payments/create?total=0, mapping to path=/payments/create?total=0 {"metadata":{"emulator":{"name":"functions"},"message":"[functions] Got req.url=/clone-372d4/us-central1/api/payments/create?total=0, mapping to path=/payments/create?total=0"}}
[debug] [2025-08-15T14:53:45.929Z] [worker-pool] submitRequest(triggerId=us-central1-api) {"metadata":{"emulator":{"name":"functions"},"message":"[worker-pool] submitRequest(triggerId=us-central1-api)"}}
[info] i  functions: Beginning execution of "us-central1-api" {"metadata":{"emulator":{"name":"functions"},"function":{"name":"us-central1-api"},"extension":{},"message":"Beginning execution of \"us-central1-api\""}}
[debug] [2025-08-15T14:53:45.931Z] [worker-us-central1-api-d70a20d5-f515-4e62-87d6-9c9138bb1d98]: BUSY {"metadata":{"emulator":{"name":"functions"},"function":{"name":"us-central1-api"},"extension":{},"message":"[worker-us-central1-api-d70a20d5-f515-4e62-87d6-9c9138bb1d98]: BUSY"}}
[debug] [2025-08-15T14:53:46.422Z] Finishing up request with event=pause {"metadata":{"emulator":{"name":"functions"},"function":{"name":"us-central1-api"},"extension":{},"message":"Finishing up request with event=pause"}}
[info] i  functions: Finished "us-central1-api" in 491.2904ms {"metadata":{"emulator":{"name":"functions"},"function":{"name":"us-central1-api"},"extension":{},"message":"Finished \"us-central1-api\" in 491.2904ms"}}
[debug] [2025-08-15T14:53:46.423Z] [worker-us-central1-api-d70a20d5-f515-4e62-87d6-9c9138bb1d98]: IDLE {"metadata":{"emulator":{"name":"functions"},"function":{"name":"us-central1-api"},"extension":{},"message":"[worker-us-central1-api-d70a20d5-f515-4e62-87d6-9c9138bb1d98]: IDLE"}}
[debug] [2025-08-15T14:53:46.424Z] Finishing up request with event=finish {"metadata":{"emulator":{"name":"functions"},"function":{"name":"us-central1-api"},"extension":{},"message":"Finishing up request with event=finish"}}
[debug] [2025-08-15T14:53:46.424Z] Finishing up request with event=close {"metadata":{"emulator":{"name":"functions"},"function":{"name":"us-central1-api"},"extension":{},"message":"Finishing up request with event=close"}}
[debug] [2025-08-15T14:53:46.424Z] [work-queue] {"queuedWork":[],"queueLength":0,"runningWork":[],"workRunningCount":0}
[debug] [2025-08-15T14:58:16.643Z] [work-queue] {"queuedWork":["/clone-372d4/us-central1/api/payments/create-2025-08-15T14:58:16.643Z"],"queueLength":1,"runningWork":[],"workRunningCount":0}
[debug] [2025-08-15T14:58:16.644Z] [work-queue] {"queuedWork":[],"queueLength":0,"runningWork":["/clone-372d4/us-central1/api/payments/create-2025-08-15T14:58:16.643Z"],"workRunningCount":1}
[debug] [2025-08-15T14:58:16.645Z] Accepted request POST /clone-372d4/us-central1/api/payments/create?total=70999 --> us-central1-api
[debug] [2025-08-15T14:58:16.645Z] [functions] Runtime ready! Sending request! {"metadata":{"emulator":{"name":"functions"},"message":"[functions] Runtime ready! Sending request!"}}
[debug] [2025-08-15T14:58:16.646Z] [functions] Got req.url=/clone-372d4/us-central1/api/payments/create?total=70999, mapping to path=/payments/create?total=70999 {"metadata":{"emulator":{"name":"functions"},"message":"[functions] Got req.url=/clone-372d4/us-central1/api/payments/create?total=70999, mapping to path=/payments/create?total=70999"}}
[debug] [2025-08-15T14:58:16.646Z] [worker-pool] submitRequest(triggerId=us-central1-api) {"metadata":{"emulator":{"name":"functions"},"message":"[worker-pool] submitRequest(triggerId=us-central1-api)"}}
[info] i  functions: Beginning execution of "us-central1-api" {"metadata":{"emulator":{"name":"functions"},"function":{"name":"us-central1-api"},"extension":{},"message":"Beginning execution of \"us-central1-api\""}}
[debug] [2025-08-15T14:58:16.647Z] [worker-us-central1-api-d70a20d5-f515-4e62-87d6-9c9138bb1d98]: BUSY {"metadata":{"emulator":{"name":"functions"},"function":{"name":"us-central1-api"},"extension":{},"message":"[worker-us-central1-api-d70a20d5-f515-4e62-87d6-9c9138bb1d98]: BUSY"}}
[debug] [2025-08-15T14:58:16.651Z] [work-queue] {"queuedWork":["/clone-372d4/us-central1/api/payments/create-2025-08-15T14:58:16.651Z"],"queueLength":1,"runningWork":["/clone-372d4/us-central1/api/payments/create-2025-08-15T14:58:16.643Z"],"workRunningCount":1}
[debug] [2025-08-15T14:58:16.651Z] [work-queue] {"queuedWork":[],"queueLength":0,"runningWork":["/clone-372d4/us-central1/api/payments/create-2025-08-15T14:58:16.643Z","/clone-372d4/us-central1/api/payments/create-2025-08-15T14:58:16.651Z"],"workRunningCount":2}
[debug] [2025-08-15T14:58:16.651Z] Accepted request POST /clone-372d4/us-central1/api/payments/create?total=70999 --> us-central1-api
[debug] [2025-08-15T14:58:16.652Z] [functions] Runtime ready! Sending request! {"metadata":{"emulator":{"name":"functions"},"message":"[functions] Runtime ready! Sending request!"}}
[debug] [2025-08-15T14:58:16.652Z] [functions] Got req.url=/clone-372d4/us-central1/api/payments/create?total=70999, mapping to path=/payments/create?total=70999 {"metadata":{"emulator":{"name":"functions"},"message":"[functions] Got req.url=/clone-372d4/us-central1/api/payments/create?total=70999, mapping to path=/payments/create?total=70999"}}
[debug] [2025-08-15T14:58:16.653Z] [worker-pool] submitRequest(triggerId=us-central1-api) {"metadata":{"emulator":{"name":"functions"},"message":"[worker-pool] submitRequest(triggerId=us-central1-api)"}}
[info] i  functions: Beginning execution of "us-central1-api" {"metadata":{"emulator":{"name":"functions"},"function":{"name":"us-central1-api"},"extension":{},"message":"Beginning execution of \"us-central1-api\""}}
[debug] [2025-08-15T14:58:16.656Z] [worker-us-central1-api-6d15a6e9-a082-48e2-b8f8-0456eeaefda0]: BUSY {"metadata":{"emulator":{"name":"functions"},"function":{"name":"us-central1-api"},"extension":{},"message":"[worker-us-central1-api-6d15a6e9-a082-48e2-b8f8-0456eeaefda0]: BUSY"}}
[debug] [2025-08-15T14:58:17.519Z] Finishing up request with event=pause {"metadata":{"emulator":{"name":"functions"},"function":{"name":"us-central1-api"},"extension":{},"message":"Finishing up request with event=pause"}}
[info] i  functions: Finished "us-central1-api" in 864.1506ms {"metadata":{"emulator":{"name":"functions"},"function":{"name":"us-central1-api"},"extension":{},"message":"Finished \"us-central1-api\" in 864.1506ms"}}
[debug] [2025-08-15T14:58:17.524Z] [worker-us-central1-api-6d15a6e9-a082-48e2-b8f8-0456eeaefda0]: IDLE {"metadata":{"emulator":{"name":"functions"},"function":{"name":"us-central1-api"},"extension":{},"message":"[worker-us-central1-api-6d15a6e9-a082-48e2-b8f8-0456eeaefda0]: IDLE"}}
[debug] [2025-08-15T14:58:17.525Z] Finishing up request with event=finish {"metadata":{"emulator":{"name":"functions"},"function":{"name":"us-central1-api"},"extension":{},"message":"Finishing up request with event=finish"}}
[debug] [2025-08-15T14:58:17.525Z] Finishing up request with event=close {"metadata":{"emulator":{"name":"functions"},"function":{"name":"us-central1-api"},"extension":{},"message":"Finishing up request with event=close"}}
[debug] [2025-08-15T14:58:17.526Z] [work-queue] {"queuedWork":[],"queueLength":0,"runningWork":["/clone-372d4/us-central1/api/payments/create-2025-08-15T14:58:16.643Z"],"workRunningCount":1}
[debug] [2025-08-15T14:58:17.529Z] Finishing up request with event=pause {"metadata":{"emulator":{"name":"functions"},"function":{"name":"us-central1-api"},"extension":{},"message":"Finishing up request with event=pause"}}
[info] i  functions: Finished "us-central1-api" in 882.6486ms {"metadata":{"emulator":{"name":"functions"},"function":{"name":"us-central1-api"},"extension":{},"message":"Finished \"us-central1-api\" in 882.6486ms"}}
[debug] [2025-08-15T14:58:17.532Z] [worker-us-central1-api-d70a20d5-f515-4e62-87d6-9c9138bb1d98]: IDLE {"metadata":{"emulator":{"name":"functions"},"function":{"name":"us-central1-api"},"extension":{},"message":"[worker-us-central1-api-d70a20d5-f515-4e62-87d6-9c9138bb1d98]: IDLE"}}
[debug] [2025-08-15T14:58:17.532Z] Finishing up request with event=finish {"metadata":{"emulator":{"name":"functions"},"function":{"name":"us-central1-api"},"extension":{},"message":"Finishing up request with event=finish"}}
[debug] [2025-08-15T14:58:17.533Z] Finishing up request with event=close {"metadata":{"emulator":{"name":"functions"},"function":{"name":"us-central1-api"},"extension":{},"message":"Finishing up request with event=close"}}
[debug] [2025-08-15T14:58:17.533Z] [work-queue] {"queuedWork":[],"queueLength":0,"runningWork":[],"workRunningCount":0}
[debug] [2025-08-15T14:58:34.238Z] [work-queue] {"queuedWork":["/clone-372d4/us-central1/api/payments/create-2025-08-15T14:58:34.238Z"],"queueLength":1,"runningWork":[],"workRunningCount":0}
[debug] [2025-08-15T14:58:34.238Z] [work-queue] {"queuedWork":[],"queueLength":0,"runningWork":["/clone-372d4/us-central1/api/payments/create-2025-08-15T14:58:34.238Z"],"workRunningCount":1}
[debug] [2025-08-15T14:58:34.239Z] Accepted request POST /clone-372d4/us-central1/api/payments/create?total=0 --> us-central1-api
[debug] [2025-08-15T14:58:34.239Z] [functions] Runtime ready! Sending request! {"metadata":{"emulator":{"name":"functions"},"message":"[functions] Runtime ready! Sending request!"}}
[debug] [2025-08-15T14:58:34.240Z] [functions] Got req.url=/clone-372d4/us-central1/api/payments/create?total=0, mapping to path=/payments/create?total=0 {"metadata":{"emulator":{"name":"functions"},"message":"[functions] Got req.url=/clone-372d4/us-central1/api/payments/create?total=0, mapping to path=/payments/create?total=0"}}
[debug] [2025-08-15T14:58:34.240Z] [worker-pool] submitRequest(triggerId=us-central1-api) {"metadata":{"emulator":{"name":"functions"},"message":"[worker-pool] submitRequest(triggerId=us-central1-api)"}}
[info] i  functions: Beginning execution of "us-central1-api" {"metadata":{"emulator":{"name":"functions"},"function":{"name":"us-central1-api"},"extension":{},"message":"Beginning execution of \"us-central1-api\""}}
[debug] [2025-08-15T14:58:34.246Z] [worker-us-central1-api-d70a20d5-f515-4e62-87d6-9c9138bb1d98]: BUSY {"metadata":{"emulator":{"name":"functions"},"function":{"name":"us-central1-api"},"extension":{},"message":"[worker-us-central1-api-d70a20d5-f515-4e62-87d6-9c9138bb1d98]: BUSY"}}
[debug] [2025-08-15T14:58:34.674Z] Finishing up request with event=pause {"metadata":{"emulator":{"name":"functions"},"function":{"name":"us-central1-api"},"extension":{},"message":"Finishing up request with event=pause"}}
[info] i  functions: Finished "us-central1-api" in 428.9939ms {"metadata":{"emulator":{"name":"functions"},"function":{"name":"us-central1-api"},"extension":{},"message":"Finished \"us-central1-api\" in 428.9939ms"}}
[debug] [2025-08-15T14:58:34.677Z] [worker-us-central1-api-d70a20d5-f515-4e62-87d6-9c9138bb1d98]: IDLE {"metadata":{"emulator":{"name":"functions"},"function":{"name":"us-central1-api"},"extension":{},"message":"[worker-us-central1-api-d70a20d5-f515-4e62-87d6-9c9138bb1d98]: IDLE"}}
[debug] [2025-08-15T14:58:34.678Z] Finishing up request with event=finish {"metadata":{"emulator":{"name":"functions"},"function":{"name":"us-central1-api"},"extension":{},"message":"Finishing up request with event=finish"}}
[debug] [2025-08-15T14:58:34.679Z] Finishing up request with event=close {"metadata":{"emulator":{"name":"functions"},"function":{"name":"us-central1-api"},"extension":{},"message":"Finishing up request with event=close"}}
[debug] [2025-08-15T14:58:34.680Z] [work-queue] {"queuedWork":[],"queueLength":0,"runningWork":[],"workRunningCount":0}
[debug] [2025-08-15T15:16:21.887Z] [work-queue] {"queuedWork":["/clone-372d4/us-central1/api/payments/create-2025-08-15T15:16:21.887Z"],"queueLength":1,"runningWork":[],"workRunningCount":0}
[debug] [2025-08-15T15:16:21.887Z] [work-queue] {"queuedWork":[],"queueLength":0,"runningWork":["/clone-372d4/us-central1/api/payments/create-2025-08-15T15:16:21.887Z"],"workRunningCount":1}
[debug] [2025-08-15T15:16:21.888Z] Accepted request POST /clone-372d4/us-central1/api/payments/create?total=42500 --> us-central1-api
[debug] [2025-08-15T15:16:21.904Z] [functions] Runtime ready! Sending request! {"metadata":{"emulator":{"name":"functions"},"message":"[functions] Runtime ready! Sending request!"}}
[debug] [2025-08-15T15:16:21.905Z] [functions] Got req.url=/clone-372d4/us-central1/api/payments/create?total=42500, mapping to path=/payments/create?total=42500 {"metadata":{"emulator":{"name":"functions"},"message":"[functions] Got req.url=/clone-372d4/us-central1/api/payments/create?total=42500, mapping to path=/payments/create?total=42500"}}
[debug] [2025-08-15T15:16:21.905Z] [worker-pool] submitRequest(triggerId=us-central1-api) {"metadata":{"emulator":{"name":"functions"},"message":"[worker-pool] submitRequest(triggerId=us-central1-api)"}}
[info] i  functions: Beginning execution of "us-central1-api" {"metadata":{"emulator":{"name":"functions"},"function":{"name":"us-central1-api"},"extension":{},"message":"Beginning execution of \"us-central1-api\""}}
[debug] [2025-08-15T15:16:21.906Z] [worker-us-central1-api-d70a20d5-f515-4e62-87d6-9c9138bb1d98]: BUSY {"metadata":{"emulator":{"name":"functions"},"function":{"name":"us-central1-api"},"extension":{},"message":"[worker-us-central1-api-d70a20d5-f515-4e62-87d6-9c9138bb1d98]: BUSY"}}
[debug] [2025-08-15T15:16:21.909Z] [work-queue] {"queuedWork":["/clone-372d4/us-central1/api/payments/create-2025-08-15T15:16:21.909Z"],"queueLength":1,"runningWork":["/clone-372d4/us-central1/api/payments/create-2025-08-15T15:16:21.887Z"],"workRunningCount":1}
[debug] [2025-08-15T15:16:21.909Z] [work-queue] {"queuedWork":[],"queueLength":0,"runningWork":["/clone-372d4/us-central1/api/payments/create-2025-08-15T15:16:21.887Z","/clone-372d4/us-central1/api/payments/create-2025-08-15T15:16:21.909Z"],"workRunningCount":2}
[debug] [2025-08-15T15:16:21.910Z] Accepted request POST /clone-372d4/us-central1/api/payments/create?total=42500 --> us-central1-api
[debug] [2025-08-15T15:16:21.910Z] [functions] Runtime ready! Sending request! {"metadata":{"emulator":{"name":"functions"},"message":"[functions] Runtime ready! Sending request!"}}
[debug] [2025-08-15T15:16:21.911Z] [functions] Got req.url=/clone-372d4/us-central1/api/payments/create?total=42500, mapping to path=/payments/create?total=42500 {"metadata":{"emulator":{"name":"functions"},"message":"[functions] Got req.url=/clone-372d4/us-central1/api/payments/create?total=42500, mapping to path=/payments/create?total=42500"}}
[debug] [2025-08-15T15:16:21.911Z] [worker-pool] submitRequest(triggerId=us-central1-api) {"metadata":{"emulator":{"name":"functions"},"message":"[worker-pool] submitRequest(triggerId=us-central1-api)"}}
[info] i  functions: Beginning execution of "us-central1-api" {"metadata":{"emulator":{"name":"functions"},"function":{"name":"us-central1-api"},"extension":{},"message":"Beginning execution of \"us-central1-api\""}}
[debug] [2025-08-15T15:16:21.917Z] [worker-us-central1-api-6d15a6e9-a082-48e2-b8f8-0456eeaefda0]: BUSY {"metadata":{"emulator":{"name":"functions"},"function":{"name":"us-central1-api"},"extension":{},"message":"[worker-us-central1-api-6d15a6e9-a082-48e2-b8f8-0456eeaefda0]: BUSY"}}
[debug] [2025-08-15T15:16:22.634Z] Finishing up request with event=pause {"metadata":{"emulator":{"name":"functions"},"function":{"name":"us-central1-api"},"extension":{},"message":"Finishing up request with event=pause"}}
[info] i  functions: Finished "us-central1-api" in 728.7337ms {"metadata":{"emulator":{"name":"functions"},"function":{"name":"us-central1-api"},"extension":{},"message":"Finished \"us-central1-api\" in 728.7337ms"}}
[debug] [2025-08-15T15:16:22.640Z] [worker-us-central1-api-d70a20d5-f515-4e62-87d6-9c9138bb1d98]: IDLE {"metadata":{"emulator":{"name":"functions"},"function":{"name":"us-central1-api"},"extension":{},"message":"[worker-us-central1-api-d70a20d5-f515-4e62-87d6-9c9138bb1d98]: IDLE"}}
[debug] [2025-08-15T15:16:22.641Z] Finishing up request with event=finish {"metadata":{"emulator":{"name":"functions"},"function":{"name":"us-central1-api"},"extension":{},"message":"Finishing up request with event=finish"}}
[debug] [2025-08-15T15:16:22.641Z] Finishing up request with event=close {"metadata":{"emulator":{"name":"functions"},"function":{"name":"us-central1-api"},"extension":{},"message":"Finishing up request with event=close"}}
[debug] [2025-08-15T15:16:22.642Z] [work-queue] {"queuedWork":[],"queueLength":0,"runningWork":["/clone-372d4/us-central1/api/payments/create-2025-08-15T15:16:21.909Z"],"workRunningCount":1}
[debug] [2025-08-15T15:16:22.652Z] Finishing up request with event=pause {"metadata":{"emulator":{"name":"functions"},"function":{"name":"us-central1-api"},"extension":{},"message":"Finishing up request with event=pause"}}
[info] i  functions: Finished "us-central1-api" in 736.8584ms {"metadata":{"emulator":{"name":"functions"},"function":{"name":"us-central1-api"},"extension":{},"message":"Finished \"us-central1-api\" in 736.8584ms"}}
[debug] [2025-08-15T15:16:22.658Z] [worker-us-central1-api-6d15a6e9-a082-48e2-b8f8-0456eeaefda0]: IDLE {"metadata":{"emulator":{"name":"functions"},"function":{"name":"us-central1-api"},"extension":{},"message":"[worker-us-central1-api-6d15a6e9-a082-48e2-b8f8-0456eeaefda0]: IDLE"}}
[debug] [2025-08-15T15:16:22.658Z] Finishing up request with event=finish {"metadata":{"emulator":{"name":"functions"},"function":{"name":"us-central1-api"},"extension":{},"message":"Finishing up request with event=finish"}}
[debug] [2025-08-15T15:16:22.659Z] Finishing up request with event=close {"metadata":{"emulator":{"name":"functions"},"function":{"name":"us-central1-api"},"extension":{},"message":"Finishing up request with event=close"}}
[debug] [2025-08-15T15:16:22.659Z] [work-queue] {"queuedWork":[],"queueLength":0,"runningWork":[],"workRunningCount":0}
[debug] [2025-08-15T15:16:46.059Z] [work-queue] {"queuedWork":["/clone-372d4/us-central1/api/payments/create-2025-08-15T15:16:46.059Z"],"queueLength":1,"runningWork":[],"workRunningCount":0}
[debug] [2025-08-15T15:16:46.060Z] [work-queue] {"queuedWork":[],"queueLength":0,"runningWork":["/clone-372d4/us-central1/api/payments/create-2025-08-15T15:16:46.059Z"],"workRunningCount":1}
[debug] [2025-08-15T15:16:46.060Z] Accepted request POST /clone-372d4/us-central1/api/payments/create?total=0 --> us-central1-api
[debug] [2025-08-15T15:16:46.061Z] [functions] Runtime ready! Sending request! {"metadata":{"emulator":{"name":"functions"},"message":"[functions] Runtime ready! Sending request!"}}
[debug] [2025-08-15T15:16:46.061Z] [functions] Got req.url=/clone-372d4/us-central1/api/payments/create?total=0, mapping to path=/payments/create?total=0 {"metadata":{"emulator":{"name":"functions"},"message":"[functions] Got req.url=/clone-372d4/us-central1/api/payments/create?total=0, mapping to path=/payments/create?total=0"}}
[debug] [2025-08-15T15:16:46.062Z] [worker-pool] submitRequest(triggerId=us-central1-api) {"metadata":{"emulator":{"name":"functions"},"message":"[worker-pool] submitRequest(triggerId=us-central1-api)"}}
[info] i  functions: Beginning execution of "us-central1-api" {"metadata":{"emulator":{"name":"functions"},"function":{"name":"us-central1-api"},"extension":{},"message":"Beginning execution of \"us-central1-api\""}}
[debug] [2025-08-15T15:16:46.063Z] [worker-us-central1-api-d70a20d5-f515-4e62-87d6-9c9138bb1d98]: BUSY {"metadata":{"emulator":{"name":"functions"},"function":{"name":"us-central1-api"},"extension":{},"message":"[worker-us-central1-api-d70a20d5-f515-4e62-87d6-9c9138bb1d98]: BUSY"}}
[debug] [2025-08-15T15:16:46.500Z] Finishing up request with event=pause {"metadata":{"emulator":{"name":"functions"},"function":{"name":"us-central1-api"},"extension":{},"message":"Finishing up request with event=pause"}}
[info] i  functions: Finished "us-central1-api" in 437.4019ms {"metadata":{"emulator":{"name":"functions"},"function":{"name":"us-central1-api"},"extension":{},"message":"Finished \"us-central1-api\" in 437.4019ms"}}
[debug] [2025-08-15T15:16:46.501Z] [worker-us-central1-api-d70a20d5-f515-4e62-87d6-9c9138bb1d98]: IDLE {"metadata":{"emulator":{"name":"functions"},"function":{"name":"us-central1-api"},"extension":{},"message":"[worker-us-central1-api-d70a20d5-f515-4e62-87d6-9c9138bb1d98]: IDLE"}}
[debug] [2025-08-15T15:16:46.502Z] Finishing up request with event=finish {"metadata":{"emulator":{"name":"functions"},"function":{"name":"us-central1-api"},"extension":{},"message":"Finishing up request with event=finish"}}
[debug] [2025-08-15T15:16:46.502Z] Finishing up request with event=close {"metadata":{"emulator":{"name":"functions"},"function":{"name":"us-central1-api"},"extension":{},"message":"Finishing up request with event=close"}}
[debug] [2025-08-15T15:16:46.502Z] [work-queue] {"queuedWork":[],"queueLength":0,"runningWork":[],"workRunningCount":0}
[debug] [2025-08-15T15:37:40.606Z] [work-queue] {"queuedWork":["/clone-372d4/us-central1/api/payments/create-2025-08-15T15:37:40.606Z"],"queueLength":1,"runningWork":[],"workRunningCount":0}
[debug] [2025-08-15T15:37:40.617Z] [work-queue] {"queuedWork":[],"queueLength":0,"runningWork":["/clone-372d4/us-central1/api/payments/create-2025-08-15T15:37:40.606Z"],"workRunningCount":1}
[debug] [2025-08-15T15:37:40.617Z] Accepted request POST /clone-372d4/us-central1/api/payments/create?total=2198 --> us-central1-api
[debug] [2025-08-15T15:37:40.683Z] [functions] Runtime ready! Sending request! {"metadata":{"emulator":{"name":"functions"},"message":"[functions] Runtime ready! Sending request!"}}
[debug] [2025-08-15T15:37:40.684Z] [functions] Got req.url=/clone-372d4/us-central1/api/payments/create?total=2198, mapping to path=/payments/create?total=2198 {"metadata":{"emulator":{"name":"functions"},"message":"[functions] Got req.url=/clone-372d4/us-central1/api/payments/create?total=2198, mapping to path=/payments/create?total=2198"}}
[debug] [2025-08-15T15:37:40.685Z] [worker-pool] submitRequest(triggerId=us-central1-api) {"metadata":{"emulator":{"name":"functions"},"message":"[worker-pool] submitRequest(triggerId=us-central1-api)"}}
[info] i  functions: Beginning execution of "us-central1-api" {"metadata":{"emulator":{"name":"functions"},"function":{"name":"us-central1-api"},"extension":{},"message":"Beginning execution of \"us-central1-api\""}}
[debug] [2025-08-15T15:37:40.687Z] [worker-us-central1-api-d70a20d5-f515-4e62-87d6-9c9138bb1d98]: BUSY {"metadata":{"emulator":{"name":"functions"},"function":{"name":"us-central1-api"},"extension":{},"message":"[worker-us-central1-api-d70a20d5-f515-4e62-87d6-9c9138bb1d98]: BUSY"}}
[debug] [2025-08-15T15:37:40.692Z] [work-queue] {"queuedWork":["/clone-372d4/us-central1/api/payments/create-2025-08-15T15:37:40.692Z"],"queueLength":1,"runningWork":["/clone-372d4/us-central1/api/payments/create-2025-08-15T15:37:40.606Z"],"workRunningCount":1}
[debug] [2025-08-15T15:37:40.692Z] [work-queue] {"queuedWork":[],"queueLength":0,"runningWork":["/clone-372d4/us-central1/api/payments/create-2025-08-15T15:37:40.606Z","/clone-372d4/us-central1/api/payments/create-2025-08-15T15:37:40.692Z"],"workRunningCount":2}
[debug] [2025-08-15T15:37:40.693Z] Accepted request POST /clone-372d4/us-central1/api/payments/create?total=2198 --> us-central1-api
[debug] [2025-08-15T15:37:40.694Z] [functions] Runtime ready! Sending request! {"metadata":{"emulator":{"name":"functions"},"message":"[functions] Runtime ready! Sending request!"}}
[debug] [2025-08-15T15:37:40.695Z] [functions] Got req.url=/clone-372d4/us-central1/api/payments/create?total=2198, mapping to path=/payments/create?total=2198 {"metadata":{"emulator":{"name":"functions"},"message":"[functions] Got req.url=/clone-372d4/us-central1/api/payments/create?total=2198, mapping to path=/payments/create?total=2198"}}
[debug] [2025-08-15T15:37:40.696Z] [worker-pool] submitRequest(triggerId=us-central1-api) {"metadata":{"emulator":{"name":"functions"},"message":"[worker-pool] submitRequest(triggerId=us-central1-api)"}}
[info] i  functions: Beginning execution of "us-central1-api" {"metadata":{"emulator":{"name":"functions"},"function":{"name":"us-central1-api"},"extension":{},"message":"Beginning execution of \"us-central1-api\""}}
[debug] [2025-08-15T15:37:40.763Z] [worker-us-central1-api-6d15a6e9-a082-48e2-b8f8-0456eeaefda0]: BUSY {"metadata":{"emulator":{"name":"functions"},"function":{"name":"us-central1-api"},"extension":{},"message":"[worker-us-central1-api-6d15a6e9-a082-48e2-b8f8-0456eeaefda0]: BUSY"}}
[debug] [2025-08-15T15:37:42.097Z] Finishing up request with event=pause {"metadata":{"emulator":{"name":"functions"},"function":{"name":"us-central1-api"},"extension":{},"message":"Finishing up request with event=pause"}}
[info] i  functions: Finished "us-central1-api" in 2234.9694ms {"metadata":{"emulator":{"name":"functions"},"function":{"name":"us-central1-api"},"extension":{},"message":"Finished \"us-central1-api\" in 2234.9694ms"}}
[debug] [2025-08-15T15:37:43.478Z] [worker-us-central1-api-d70a20d5-f515-4e62-87d6-9c9138bb1d98]: IDLE {"metadata":{"emulator":{"name":"functions"},"function":{"name":"us-central1-api"},"extension":{},"message":"[worker-us-central1-api-d70a20d5-f515-4e62-87d6-9c9138bb1d98]: IDLE"}}
[debug] [2025-08-15T15:37:43.479Z] Finishing up request with event=finish {"metadata":{"emulator":{"name":"functions"},"function":{"name":"us-central1-api"},"extension":{},"message":"Finishing up request with event=finish"}}
[debug] [2025-08-15T15:37:43.479Z] Finishing up request with event=close {"metadata":{"emulator":{"name":"functions"},"function":{"name":"us-central1-api"},"extension":{},"message":"Finishing up request with event=close"}}
[debug] [2025-08-15T15:37:43.479Z] [work-queue] {"queuedWork":[],"queueLength":0,"runningWork":["/clone-372d4/us-central1/api/payments/create-2025-08-15T15:37:40.692Z"],"workRunningCount":1}
[debug] [2025-08-15T15:37:47.391Z] Finishing up request with event=pause {"metadata":{"emulator":{"name":"functions"},"function":{"name":"us-central1-api"},"extension":{},"message":"Finishing up request with event=pause"}}
[info] i  functions: Finished "us-central1-api" in 6628.2875ms {"metadata":{"emulator":{"name":"functions"},"function":{"name":"us-central1-api"},"extension":{},"message":"Finished \"us-central1-api\" in 6628.2875ms"}}
[debug] [2025-08-15T15:37:47.394Z] [worker-us-central1-api-6d15a6e9-a082-48e2-b8f8-0456eeaefda0]: IDLE {"metadata":{"emulator":{"name":"functions"},"function":{"name":"us-central1-api"},"extension":{},"message":"[worker-us-central1-api-6d15a6e9-a082-48e2-b8f8-0456eeaefda0]: IDLE"}}
[debug] [2025-08-15T15:37:47.394Z] Finishing up request with event=finish {"metadata":{"emulator":{"name":"functions"},"function":{"name":"us-central1-api"},"extension":{},"message":"Finishing up request with event=finish"}}
[debug] [2025-08-15T15:37:47.395Z] Finishing up request with event=close {"metadata":{"emulator":{"name":"functions"},"function":{"name":"us-central1-api"},"extension":{},"message":"Finishing up request with event=close"}}
[debug] [2025-08-15T15:37:47.395Z] [work-queue] {"queuedWork":[],"queueLength":0,"runningWork":[],"workRunningCount":0}
[debug] [2025-08-15T15:38:03.339Z] [work-queue] {"queuedWork":["/clone-372d4/us-central1/api/payments/create-2025-08-15T15:38:03.339Z"],"queueLength":1,"runningWork":[],"workRunningCount":0}
[debug] [2025-08-15T15:38:03.339Z] [work-queue] {"queuedWork":[],"queueLength":0,"runningWork":["/clone-372d4/us-central1/api/payments/create-2025-08-15T15:38:03.339Z"],"workRunningCount":1}
[debug] [2025-08-15T15:38:03.339Z] Accepted request POST /clone-372d4/us-central1/api/payments/create?total=0 --> us-central1-api
[debug] [2025-08-15T15:38:03.340Z] [functions] Runtime ready! Sending request! {"metadata":{"emulator":{"name":"functions"},"message":"[functions] Runtime ready! Sending request!"}}
[debug] [2025-08-15T15:38:03.340Z] [functions] Got req.url=/clone-372d4/us-central1/api/payments/create?total=0, mapping to path=/payments/create?total=0 {"metadata":{"emulator":{"name":"functions"},"message":"[functions] Got req.url=/clone-372d4/us-central1/api/payments/create?total=0, mapping to path=/payments/create?total=0"}}
[debug] [2025-08-15T15:38:03.340Z] [worker-pool] submitRequest(triggerId=us-central1-api) {"metadata":{"emulator":{"name":"functions"},"message":"[worker-pool] submitRequest(triggerId=us-central1-api)"}}
[info] i  functions: Beginning execution of "us-central1-api" {"metadata":{"emulator":{"name":"functions"},"function":{"name":"us-central1-api"},"extension":{},"message":"Beginning execution of \"us-central1-api\""}}
[debug] [2025-08-15T15:38:03.342Z] [worker-us-central1-api-d70a20d5-f515-4e62-87d6-9c9138bb1d98]: BUSY {"metadata":{"emulator":{"name":"functions"},"function":{"name":"us-central1-api"},"extension":{},"message":"[worker-us-central1-api-d70a20d5-f515-4e62-87d6-9c9138bb1d98]: BUSY"}}
[debug] [2025-08-15T15:38:03.830Z] Finishing up request with event=pause {"metadata":{"emulator":{"name":"functions"},"function":{"name":"us-central1-api"},"extension":{},"message":"Finishing up request with event=pause"}}
[info] i  functions: Finished "us-central1-api" in 488.9556ms {"metadata":{"emulator":{"name":"functions"},"function":{"name":"us-central1-api"},"extension":{},"message":"Finished \"us-central1-api\" in 488.9556ms"}}
[debug] [2025-08-15T15:38:03.833Z] [worker-us-central1-api-d70a20d5-f515-4e62-87d6-9c9138bb1d98]: IDLE {"metadata":{"emulator":{"name":"functions"},"function":{"name":"us-central1-api"},"extension":{},"message":"[worker-us-central1-api-d70a20d5-f515-4e62-87d6-9c9138bb1d98]: IDLE"}}
[debug] [2025-08-15T15:38:03.833Z] Finishing up request with event=finish {"metadata":{"emulator":{"name":"functions"},"function":{"name":"us-central1-api"},"extension":{},"message":"Finishing up request with event=finish"}}
[debug] [2025-08-15T15:38:03.834Z] Finishing up request with event=close {"metadata":{"emulator":{"name":"functions"},"function":{"name":"us-central1-api"},"extension":{},"message":"Finishing up request with event=close"}}
[debug] [2025-08-15T15:38:03.834Z] [work-queue] {"queuedWork":[],"queueLength":0,"runningWork":[],"workRunningCount":0}
